Loaded image data (720, 1280, 3, 95) [ 720.         1280.          120.03562746]
Loaded ./data/stone 1.4891803650569615 99.35477726254452
Data:
(95, 3, 5) (95, 720, 1280, 3) (95, 2)
HOLDOUT view is 55
Loaded llff (95, 720, 1280, 3) (120, 3, 5) [ 720.      1280.       120.03563] ./data/stone
Auto LLFF holdout, 8
DEFINING BOUNDS
NEAR FAR 0.359074267745018 26.61847686767578
Found ckpts []
Not ndc!
get rays
done, concats
shuffle rays
done
Begin
TRAIN views are [ 1  2  3  4  5  6  7  9 10 11 12 13 14 15 17 18 19 20 21 22 23 25 26 27
 28 29 30 31 33 34 35 36 37 38 39 41 42 43 44 45 46 47 49 50 51 52 53 54
 55 57 58 59 60 61 62 63 65 66 67 68 69 70 71 73 74 75 76 77 78 79 81 82
 83 84 85 86 87 89 90 91 92 93 94]
TEST views are [ 0  8 16 24 32 40 48 56 64 72 80 88]
VAL views are [ 0  8 16 24 32 40 48 56 64 72 80 88]
[TRAIN] Iter: 100 Loss: 0.05541643127799034  PSNR: 15.628479957580566
[TRAIN] Iter: 200 Loss: 0.0436544194817543  PSNR: 16.508928298950195
[TRAIN] Iter: 300 Loss: 0.04134519025683403  PSNR: 16.76171875
[TRAIN] Iter: 400 Loss: 0.03766166418790817  PSNR: 17.16608238220215
[TRAIN] Iter: 500 Loss: 0.03238431736826897  PSNR: 17.799692153930664
[TRAIN] Iter: 600 Loss: 0.03273647278547287  PSNR: 17.81020736694336
[TRAIN] Iter: 700 Loss: 0.03266267105937004  PSNR: 17.81221580505371
[TRAIN] Iter: 800 Loss: 0.03358056768774986  PSNR: 17.52918243408203
[TRAIN] Iter: 900 Loss: 0.030885182321071625  PSNR: 18.121225357055664
test poses shape torch.Size([12, 3, 4])
0 0.0005705356597900391
torch.Size([720, 1280, 3]) torch.Size([720, 1280])
16.956305503845215
1 13.394694566726685
17.611382007598877
2 13.385660409927368
16.952115297317505
3 13.371166944503784
16.40614151954651
4 13.365311861038208
16.66236400604248
5 13.373281002044678
18.121036291122437
6 13.38180661201477
18.389688730239868
7 13.37966799736023
19.004111289978027
8 13.389980554580688
17.999361753463745
9 13.368805646896362
18.520076274871826
10 13.372928142547607
17.457423210144043
11 13.371189594268799
18.73085379600525
Saved test set
[TEST] Iter: 1000 Loss: 0.030457645654678345  PSNR: 17.734238306681316
[TRAIN] Iter: 1000 Loss: 0.030457645654678345  PSNR: 18.09770965576172
[TRAIN] Iter: 1100 Loss: 0.030011888593435287  PSNR: 18.202831268310547
[TRAIN] Iter: 1200 Loss: 0.029489930719137192  PSNR: 18.27020263671875
[TRAIN] Iter: 1300 Loss: 0.026529405266046524  PSNR: 18.704973220825195
[TRAIN] Iter: 1400 Loss: 0.026810165494680405  PSNR: 18.630674362182617
[TRAIN] Iter: 1500 Loss: 0.02829958125948906  PSNR: 18.46338653564453
[TRAIN] Iter: 1600 Loss: 0.026729511097073555  PSNR: 18.685251235961914
[TRAIN] Iter: 1700 Loss: 0.02600046619772911  PSNR: 18.77921485900879
[TRAIN] Iter: 1800 Loss: 0.023341841995716095  PSNR: 19.264026641845703
[TRAIN] Iter: 1900 Loss: 0.026680756360292435  PSNR: 18.592388153076172
test poses shape torch.Size([12, 3, 4])
0 0.000782012939453125
torch.Size([720, 1280, 3]) torch.Size([720, 1280])
17.728002071380615
1 13.382184505462646
17.720465660095215
2 13.405754327774048
17.31863498687744
3 13.372293949127197
16.915026903152466
4 13.363097667694092
17.02582597732544
5 13.382078409194946
18.991029262542725
6 13.374923706054688
18.671371936798096
7 13.374591588973999
19.160362482070923
8 13.378281593322754
18.174753189086914
9 13.370136260986328
18.797454833984375
10 13.35896635055542
17.9683780670166
11 13.357487440109253
18.988049030303955
Saved test set
[TEST] Iter: 2000 Loss: 0.025066975504159927  PSNR: 18.121612866719563
[TRAIN] Iter: 2000 Loss: 0.025066975504159927  PSNR: 18.97533416748047
[TRAIN] Iter: 2100 Loss: 0.025096971541643143  PSNR: 19.014490127563477
[TRAIN] Iter: 2200 Loss: 0.02504180371761322  PSNR: 18.985820770263672
[TRAIN] Iter: 2300 Loss: 0.02290530316531658  PSNR: 19.350385665893555
[TRAIN] Iter: 2400 Loss: 0.026059899479150772  PSNR: 18.9190731048584
[TRAIN] Iter: 2500 Loss: 0.022232457995414734  PSNR: 19.396968841552734
[TRAIN] Iter: 2600 Loss: 0.024134401232004166  PSNR: 19.14420509338379
[TRAIN] Iter: 2700 Loss: 0.024306632578372955  PSNR: 19.16644859313965
[TRAIN] Iter: 2800 Loss: 0.022115057334303856  PSNR: 19.527254104614258
[TRAIN] Iter: 2900 Loss: 0.022919001057744026  PSNR: 19.319913864135742
test poses shape torch.Size([12, 3, 4])
0 0.0007567405700683594
torch.Size([720, 1280, 3]) torch.Size([720, 1280])
18.021055459976196
1 13.383590936660767
17.924680709838867
2 13.379005193710327
17.356081008911133
3 13.363295793533325
17.228773832321167
4 13.359568357467651
17.246222496032715
5 13.376630067825317
19.1142475605011
6 13.377156257629395
18.736751079559326
7 13.368025541305542
19.152863025665283
8 13.374300479888916
18.367958068847656
9 13.376052618026733
18.976765871047974
10 13.357863426208496
17.92266011238098
11 13.365080118179321
18.898227214813232
Saved test set
[TEST] Iter: 3000 Loss: 0.02380455657839775  PSNR: 18.245523869991302
[TRAIN] Iter: 3000 Loss: 0.02380455657839775  PSNR: 19.14664077758789
[TRAIN] Iter: 3100 Loss: 0.02343028597533703  PSNR: 19.309791564941406
[TRAIN] Iter: 3200 Loss: 0.02332921512424946  PSNR: 19.26701545715332
[TRAIN] Iter: 3300 Loss: 0.022408805787563324  PSNR: 19.52313995361328
[TRAIN] Iter: 3400 Loss: 0.022791003808379173  PSNR: 19.355140686035156
[TRAIN] Iter: 3500 Loss: 0.022449344396591187  PSNR: 19.568336486816406
[TRAIN] Iter: 3600 Loss: 0.021856946870684624  PSNR: 19.565881729125977
[TRAIN] Iter: 3700 Loss: 0.020743582397699356  PSNR: 19.83407211303711
[TRAIN] Iter: 3800 Loss: 0.02146165445446968  PSNR: 19.634437561035156
[TRAIN] Iter: 3900 Loss: 0.02134270779788494  PSNR: 19.66480255126953
test poses shape torch.Size([12, 3, 4])
0 0.0007307529449462891
torch.Size([720, 1280, 3]) torch.Size([720, 1280])
18.468141555786133
1 13.405649662017822
17.89024829864502
2 13.362262487411499
16.775015592575073
3 13.368558406829834
16.939852237701416
4 13.370020627975464
17.15636134147644
5 13.385874271392822
19.467651844024658
6 13.37028193473816
19.12177801132202
7 13.359991312026978
18.93243432044983
8 13.375477313995361
18.404738903045654
9 13.38575291633606
18.907278776168823
10 13.365039348602295
18.038653135299683
11 13.35383152961731
18.917412757873535
Saved test set
[TEST] Iter: 4000 Loss: 0.02244393900036812  PSNR: 18.25163056453069
[TRAIN] Iter: 4000 Loss: 0.02244393900036812  PSNR: 19.412137985229492
[TRAIN] Iter: 4100 Loss: 0.0208725742995739  PSNR: 19.753419876098633
[TRAIN] Iter: 4200 Loss: 0.022690530866384506  PSNR: 19.374618530273438
[TRAIN] Iter: 4300 Loss: 0.020730189979076385  PSNR: 19.8951416015625
[TRAIN] Iter: 4400 Loss: 0.020440075546503067  PSNR: 19.8467960357666
[TRAIN] Iter: 4500 Loss: 0.02063531056046486  PSNR: 19.865949630737305
[TRAIN] Iter: 4600 Loss: 0.021300483494997025  PSNR: 19.67531967163086
[TRAIN] Iter: 4700 Loss: 0.02136186882853508  PSNR: 19.724281311035156
[TRAIN] Iter: 4800 Loss: 0.020078107714653015  PSNR: 19.955034255981445
[TRAIN] Iter: 4900 Loss: 0.020760372281074524  PSNR: 19.832616806030273
test poses shape torch.Size([12, 3, 4])
0 0.0007216930389404297
torch.Size([720, 1280, 3]) torch.Size([720, 1280])
19.028544425964355
1 13.382949352264404
18.04481029510498
2 13.37566590309143
17.29594588279724
3 13.370825052261353
16.838078498840332
4 13.365175485610962
17.275075912475586
5 13.381334781646729
19.561034440994263
6 13.3691246509552
19.156850576400757
7 13.372242212295532
19.09748911857605
8 13.380345582962036
18.310272693634033
9 13.366843461990356
19.395562410354614
10 13.35393738746643
18.06704878807068
11 13.350910425186157
19.164575338363647
Saved test set
[TEST] Iter: 5000 Loss: 0.018803436309099197  PSNR: 18.436274031798046
[TRAIN] Iter: 5000 Loss: 0.018803436309099197  PSNR: 20.213584899902344
[TRAIN] Iter: 5100 Loss: 0.0199962817132473  PSNR: 20.000635147094727
[TRAIN] Iter: 5200 Loss: 0.02133711241185665  PSNR: 19.64564323425293
[TRAIN] Iter: 5300 Loss: 0.020996779203414917  PSNR: 19.762243270874023
[TRAIN] Iter: 5400 Loss: 0.020370978862047195  PSNR: 19.85955238342285
[TRAIN] Iter: 5500 Loss: 0.020357435569167137  PSNR: 19.82948112487793
[TRAIN] Iter: 5600 Loss: 0.019917458295822144  PSNR: 20.006710052490234
[TRAIN] Iter: 5700 Loss: 0.021155748516321182  PSNR: 19.706466674804688
[TRAIN] Iter: 5800 Loss: 0.020235266536474228  PSNR: 19.937715530395508
[TRAIN] Iter: 5900 Loss: 0.020094070583581924  PSNR: 19.880674362182617
test poses shape torch.Size([12, 3, 4])
0 0.0007627010345458984
torch.Size([720, 1280, 3]) torch.Size([720, 1280])
18.82109045982361
1 13.3778715133667
17.821106910705566
2 13.36454725265503
16.73066020011902
3 13.366947412490845
16.697088479995728
4 13.373351335525513
17.151336669921875
5 13.377675533294678
19.373137950897217
6 13.366641521453857
18.95060658454895
7 13.367566108703613
19.00869607925415
8 13.383598804473877
18.56002926826477
9 13.372944593429565
18.92338514328003
10 13.36617398262024
18.369505405426025
11 13.377076387405396
18.78575563430786
Saved test set
[TEST] Iter: 6000 Loss: 0.020607169717550278  PSNR: 18.266033232212067
[TRAIN] Iter: 6000 Loss: 0.020607169717550278  PSNR: 19.87762451171875
[TRAIN] Iter: 6100 Loss: 0.021426744759082794  PSNR: 19.622819900512695
[TRAIN] Iter: 6200 Loss: 0.0205424502491951  PSNR: 19.83786392211914
[TRAIN] Iter: 6300 Loss: 0.02215368114411831  PSNR: 19.494354248046875
[TRAIN] Iter: 6400 Loss: 0.019204262644052505  PSNR: 20.129409790039062
[TRAIN] Iter: 6500 Loss: 0.018419800326228142  PSNR: 20.359365463256836
[TRAIN] Iter: 6600 Loss: 0.020074445754289627  PSNR: 19.979711532592773
[TRAIN] Iter: 6700 Loss: 0.018581602722406387  PSNR: 20.26691436767578
[TRAIN] Iter: 6800 Loss: 0.017741551622748375  PSNR: 20.50402069091797
[TRAIN] Iter: 6900 Loss: 0.017610954120755196  PSNR: 20.67615509033203
test poses shape torch.Size([12, 3, 4])
0 0.0007550716400146484
torch.Size([720, 1280, 3]) torch.Size([720, 1280])
19.075056314468384
1 13.403627395629883
18.069573640823364
2 13.365636348724365
16.894038915634155
3 13.36756157875061
16.86835765838623
4 13.368121147155762
17.10986852645874
5 13.37336277961731
19.43974018096924
6 13.37151837348938
18.985188007354736
7 13.377731561660767
19.170223474502563
8 13.371534824371338
18.633315563201904
9 13.379977941513062
19.34462070465088
10 13.359197616577148
18.266061544418335
11 13.366673231124878
19.105650186538696
Saved test set
[TEST] Iter: 7000 Loss: 0.019214589148759842  PSNR: 18.413474559783936
[TRAIN] Iter: 7000 Loss: 0.019214589148759842  PSNR: 20.1560001373291
[TRAIN] Iter: 7100 Loss: 0.01988799497485161  PSNR: 20.005842208862305
[TRAIN] Iter: 7200 Loss: 0.017796408385038376  PSNR: 20.4259090423584
[TRAIN] Iter: 7300 Loss: 0.018772631883621216  PSNR: 20.224950790405273
[TRAIN] Iter: 7400 Loss: 0.01792161539196968  PSNR: 20.43535804748535
[TRAIN] Iter: 7500 Loss: 0.01888488233089447  PSNR: 20.279287338256836
[TRAIN] Iter: 7600 Loss: 0.017391454428434372  PSNR: 20.596866607666016
[TRAIN] Iter: 7700 Loss: 0.01873841881752014  PSNR: 20.25139808654785
[TRAIN] Iter: 7800 Loss: 0.01651638001203537  PSNR: 20.854982376098633
[TRAIN] Iter: 7900 Loss: 0.017416927963495255  PSNR: 20.584333419799805
test poses shape torch.Size([12, 3, 4])
0 0.0006849765777587891
torch.Size([720, 1280, 3]) torch.Size([720, 1280])
18.691240549087524
1 13.384671688079834
17.88736343383789
2 13.363606691360474
16.971917152404785
3 13.38294768333435
17.06732749938965
4 13.37080454826355
17.159866094589233
5 13.375914335250854
19.50955867767334
6 13.365042924880981
18.405815362930298
7 13.378476619720459
19.054415225982666
8 13.372593402862549
18.43579411506653
9 13.37630319595337
19.17198657989502
10 13.375629186630249
18.164554834365845
11 13.363345384597778
18.793898820877075
Saved test set
[TEST] Iter: 8000 Loss: 0.018725968897342682  PSNR: 18.276144862174988
[TRAIN] Iter: 8000 Loss: 0.018725968897342682  PSNR: 20.256303787231445
[TRAIN] Iter: 8100 Loss: 0.018971901386976242  PSNR: 20.253917694091797
[TRAIN] Iter: 8200 Loss: 0.017264705151319504  PSNR: 20.63345718383789
[TRAIN] Iter: 8300 Loss: 0.019249584525823593  PSNR: 20.197317123413086
[TRAIN] Iter: 8400 Loss: 0.018446657806634903  PSNR: 20.313005447387695
[TRAIN] Iter: 8500 Loss: 0.01959730125963688  PSNR: 20.048688888549805
[TRAIN] Iter: 8600 Loss: 0.01752239465713501  PSNR: 20.534225463867188
[TRAIN] Iter: 8700 Loss: 0.018529392778873444  PSNR: 20.34144401550293
[TRAIN] Iter: 8800 Loss: 0.016797227784991264  PSNR: 20.722227096557617
[TRAIN] Iter: 8900 Loss: 0.017450647428631783  PSNR: 20.592496871948242
test poses shape torch.Size([12, 3, 4])
0 0.0007212162017822266
torch.Size([720, 1280, 3]) torch.Size([720, 1280])
18.4941565990448
1 13.382641792297363
18.02371859550476
2 13.374773740768433
16.7769992351532
3 13.37416958808899
16.700453758239746
4 13.369271039962769
17.099289894104004
5 13.383711338043213
19.468066692352295
6 13.381183862686157
18.84386897087097
7 13.376838445663452
18.96041750907898
8 13.382291793823242
18.570374250411987
9 13.38036561012268
19.16372299194336
10 13.371171712875366
18.03299069404602
11 13.372852802276611
18.85110378265381
Saved test set
[TEST] Iter: 9000 Loss: 0.017000805586576462  PSNR: 18.248763581116993
[TRAIN] Iter: 9000 Loss: 0.017000805586576462  PSNR: 20.771406173706055
[TRAIN] Iter: 9100 Loss: 0.018578313291072845  PSNR: 20.233259201049805
[TRAIN] Iter: 9200 Loss: 0.01880701631307602  PSNR: 20.269052505493164
[TRAIN] Iter: 9300 Loss: 0.017893534153699875  PSNR: 20.398143768310547
[TRAIN] Iter: 9400 Loss: 0.017586877569556236  PSNR: 20.519344329833984
[TRAIN] Iter: 9500 Loss: 0.018129967153072357  PSNR: 20.442001342773438
[TRAIN] Iter: 9600 Loss: 0.016794582828879356  PSNR: 20.584991455078125
[TRAIN] Iter: 9700 Loss: 0.01812230423092842  PSNR: 20.39466094970703
[TRAIN] Iter: 9800 Loss: 0.016326796263456345  PSNR: 20.888517379760742
[TRAIN] Iter: 9900 Loss: 0.019876211881637573  PSNR: 19.955862045288086
Saved checkpoints at ./logs/stone_test/010000.tar
test poses shape torch.Size([12, 3, 4])
0 0.0003414154052734375
torch.Size([720, 1280, 3]) torch.Size([720, 1280])
18.807300329208374
1 13.394286155700684
18.05422067642212
2 13.382954597473145
16.825907230377197
3 13.374447107315063
16.638160943984985
4 13.380321025848389
16.97788715362549
5 13.388512134552002
19.567774534225464
6 13.382169008255005
18.916653394699097
7 13.381595611572266
19.097779989242554
8 13.386256456375122
18.414783477783203
9 13.376302480697632
19.118101596832275
10 13.372427225112915
18.117573261260986
11 13.368178844451904
19.24750328063965
Saved test set
[TEST] Iter: 10000 Loss: 0.017654981464147568  PSNR: 18.315303822358448
[TRAIN] Iter: 10000 Loss: 0.017654981464147568  PSNR: 20.537273406982422
[TRAIN] Iter: 10100 Loss: 0.016453666612505913  PSNR: 20.81233787536621
[TRAIN] Iter: 10200 Loss: 0.017110127955675125  PSNR: 20.660463333129883
[TRAIN] Iter: 10300 Loss: 0.017873402684926987  PSNR: 20.474912643432617
[TRAIN] Iter: 10400 Loss: 0.017675280570983887  PSNR: 20.490280151367188
[TRAIN] Iter: 10500 Loss: 0.016793573275208473  PSNR: 20.727399826049805
[TRAIN] Iter: 10600 Loss: 0.01735803112387657  PSNR: 20.63163948059082
[TRAIN] Iter: 10700 Loss: 0.017349189147353172  PSNR: 20.589557647705078
[TRAIN] Iter: 10800 Loss: 0.01814209297299385  PSNR: 20.502269744873047
[TRAIN] Iter: 10900 Loss: 0.01676063984632492  PSNR: 20.699424743652344
test poses shape torch.Size([12, 3, 4])
0 0.0007188320159912109
torch.Size([720, 1280, 3]) torch.Size([720, 1280])
19.063481092453003
1 13.381396532058716
17.723979949951172
2 13.372897863388062
16.671526432037354
3 13.369105100631714
16.615700721740723
4 13.379756212234497
17.02658772468567
5 13.386147499084473
19.513115882873535
6 13.376562595367432
18.885127305984497
7 13.376999616622925
19.095442295074463
8 13.385816097259521
18.489257097244263
9 13.3833487033844
19.405404329299927
10 13.371599435806274
18.230862617492676
11 13.376923561096191
19.027262926101685
Saved test set
[TEST] Iter: 11000 Loss: 0.01758316159248352  PSNR: 18.312312364578247
[TRAIN] Iter: 11000 Loss: 0.01758316159248352  PSNR: 20.425756454467773
[TRAIN] Iter: 11100 Loss: 0.017692171037197113  PSNR: 20.53138542175293
[TRAIN] Iter: 11200 Loss: 0.017166949808597565  PSNR: 20.63640785217285
[TRAIN] Iter: 11300 Loss: 0.01762593537569046  PSNR: 20.4853515625
[TRAIN] Iter: 11400 Loss: 0.016390381380915642  PSNR: 20.912677764892578
[TRAIN] Iter: 11500 Loss: 0.019339755177497864  PSNR: 20.13519287109375
[TRAIN] Iter: 11600 Loss: 0.015080321580171585  PSNR: 21.20498275756836
[TRAIN] Iter: 11700 Loss: 0.01686428114771843  PSNR: 20.737749099731445
[TRAIN] Iter: 11800 Loss: 0.016098670661449432  PSNR: 20.960020065307617
[TRAIN] Iter: 11900 Loss: 0.016620714217424393  PSNR: 20.663267135620117
test poses shape torch.Size([12, 3, 4])
0 0.000766754150390625
torch.Size([720, 1280, 3]) torch.Size([720, 1280])
19.338762760162354
1 13.384663581848145
18.038541078567505
2 13.371037006378174
16.68749213218689
3 13.38138747215271
16.56649112701416
4 13.37435007095337
16.984529495239258
5 13.394379138946533
19.642560482025146
6 13.374188661575317
18.98077130317688
7 13.36823034286499
19.03132438659668
8 13.388191938400269
18.224538564682007
9 13.378813982009888
19.3340265750885
10 13.372487783432007
18.17245125770569
11 13.374791145324707
19.111549854278564
Saved test set
[TEST] Iter: 12000 Loss: 0.016634296625852585  PSNR: 18.342753251393635
[TRAIN] Iter: 12000 Loss: 0.016634296625852585  PSNR: 20.768512725830078
[TRAIN] Iter: 12100 Loss: 0.015133815817534924  PSNR: 21.142681121826172
[TRAIN] Iter: 12200 Loss: 0.01682570017874241  PSNR: 20.699209213256836
[TRAIN] Iter: 12300 Loss: 0.01466687023639679  PSNR: 21.20172882080078
[TRAIN] Iter: 12400 Loss: 0.015365666709840298  PSNR: 21.140607833862305
[TRAIN] Iter: 12500 Loss: 0.016553279012441635  PSNR: 20.830677032470703
[TRAIN] Iter: 12600 Loss: 0.018527638167142868  PSNR: 20.266965866088867
[TRAIN] Iter: 12700 Loss: 0.01540481485426426  PSNR: 21.194726943969727
[TRAIN] Iter: 12800 Loss: 0.018160445615649223  PSNR: 20.444801330566406
[TRAIN] Iter: 12900 Loss: 0.016773130744695663  PSNR: 20.684654235839844
test poses shape torch.Size([12, 3, 4])
0 0.0006775856018066406
torch.Size([720, 1280, 3]) torch.Size([720, 1280])
18.512412309646606
1 13.400826215744019
17.973859310150146
2 13.380346298217773
16.62583589553833
3 13.378528356552124
16.60901188850403
4 13.391801595687866
16.95132613182068
5 13.389761924743652
19.5421040058136
6 13.385145425796509
18.76502513885498
7 13.38253664970398
19.097259044647217
8 13.396389722824097
18.285834789276123
9 13.38472318649292
19.273786544799805
10 13.383703708648682
18.159611225128174
11 13.38389539718628
18.902729749679565
Saved test set
[TEST] Iter: 13000 Loss: 0.01502778846770525  PSNR: 18.22489966948827
[TRAIN] Iter: 13000 Loss: 0.01502778846770525  PSNR: 21.28607749938965
[TRAIN] Iter: 13100 Loss: 0.017904583364725113  PSNR: 20.458101272583008
[TRAIN] Iter: 13200 Loss: 0.015157639048993587  PSNR: 21.143739700317383
[TRAIN] Iter: 13300 Loss: 0.017747245728969574  PSNR: 20.449254989624023
[TRAIN] Iter: 13400 Loss: 0.016128256916999817  PSNR: 20.976886749267578
[TRAIN] Iter: 13500 Loss: 0.01543091144412756  PSNR: 21.164724349975586
[TRAIN] Iter: 13600 Loss: 0.015766434371471405  PSNR: 20.933059692382812
[TRAIN] Iter: 13700 Loss: 0.01481406670063734  PSNR: 21.316150665283203
[TRAIN] Iter: 13800 Loss: 0.015558302402496338  PSNR: 21.086593627929688
[TRAIN] Iter: 13900 Loss: 0.017164405435323715  PSNR: 20.63470458984375
test poses shape torch.Size([12, 3, 4])
0 0.0007493495941162109
torch.Size([720, 1280, 3]) torch.Size([720, 1280])
18.988287448883057
1 13.400243043899536
17.812278270721436
2 13.38986611366272
16.805585622787476
3 13.37804913520813
16.46490216255188
4 13.3904390335083
17.030974626541138
5 13.394051790237427
19.488155841827393
6 13.386189460754395
18.755279779434204
7 13.388922452926636
18.95664095878601
8 13.38776421546936
18.05812120437622
9 13.38429045677185
19.27870750427246
10 13.37678050994873
18.140474557876587
11 13.383521556854248
18.846372365951538
Saved test set
[TEST] Iter: 14000 Loss: 0.015417620539665222  PSNR: 18.21881502866745
[TRAIN] Iter: 14000 Loss: 0.015417620539665222  PSNR: 21.149229049682617
[TRAIN] Iter: 14100 Loss: 0.01595958322286606  PSNR: 20.902624130249023
[TRAIN] Iter: 14200 Loss: 0.01704397052526474  PSNR: 20.640230178833008
[TRAIN] Iter: 14300 Loss: 0.016332944855093956  PSNR: 20.939327239990234
[TRAIN] Iter: 14400 Loss: 0.01684529148042202  PSNR: 20.7101993560791
[TRAIN] Iter: 14500 Loss: 0.014813383109867573  PSNR: 21.278324127197266
[TRAIN] Iter: 14600 Loss: 0.016233667731285095  PSNR: 20.843711853027344
[TRAIN] Iter: 14700 Loss: 0.018222834914922714  PSNR: 20.427265167236328
[TRAIN] Iter: 14800 Loss: 0.01598343625664711  PSNR: 20.933208465576172
[TRAIN] Iter: 14900 Loss: 0.016395920887589455  PSNR: 20.736948013305664
test poses shape torch.Size([12, 3, 4])
0 0.0007922649383544922
torch.Size([720, 1280, 3]) torch.Size([720, 1280])
19.240328073501587
1 13.394995212554932
17.889732122421265
2 13.385226726531982
16.714361906051636
3 13.38634467124939
16.503020524978638
4 13.398102283477783
16.951963901519775
5 13.39990782737732
19.331151247024536
6 13.38967251777649
18.472893238067627
7 13.395748615264893
19.077824354171753
8 13.402274131774902
18.313117027282715
9 13.383411645889282
19.213850498199463
10 13.390896558761597
18.264317512512207
11 13.3792884349823
18.936222791671753
Saved test set
[TEST] Iter: 15000 Loss: 0.01698838733136654  PSNR: 18.24239859978358
[TRAIN] Iter: 15000 Loss: 0.01698838733136654  PSNR: 20.632816314697266
[TRAIN] Iter: 15100 Loss: 0.016442744061350822  PSNR: 20.726821899414062
[TRAIN] Iter: 15200 Loss: 0.01621224172413349  PSNR: 20.875885009765625
[TRAIN] Iter: 15300 Loss: 0.01601981185376644  PSNR: 20.85296630859375
[TRAIN] Iter: 15400 Loss: 0.015248715877532959  PSNR: 21.150144577026367
[TRAIN] Iter: 15500 Loss: 0.014553410932421684  PSNR: 21.396522521972656
[TRAIN] Iter: 15600 Loss: 0.015477347187697887  PSNR: 20.983644485473633
[TRAIN] Iter: 15700 Loss: 0.01597028225660324  PSNR: 20.97447967529297
[TRAIN] Iter: 15800 Loss: 0.0161014162003994  PSNR: 21.12420082092285
[TRAIN] Iter: 15900 Loss: 0.01638622209429741  PSNR: 21.00004768371582
test poses shape torch.Size([12, 3, 4])
0 0.0007226467132568359
torch.Size([720, 1280, 3]) torch.Size([720, 1280])
18.968931436538696
1 13.393696308135986
17.768683433532715
2 13.389011859893799
16.525816917419434
3 13.386397361755371
16.483137607574463
4 13.397087097167969
16.949747800827026
5 13.397668361663818
19.246779680252075
6 13.386444091796875
18.626303672790527
7 13.39181661605835
18.406096696853638
8 13.394778728485107
17.907097339630127
9 13.391343832015991
19.253220558166504
10 13.389095544815063
18.166555166244507
11 13.394916534423828
18.976880311965942
Saved test set
[TEST] Iter: 16000 Loss: 0.01676349714398384  PSNR: 18.10660421848297
[TRAIN] Iter: 16000 Loss: 0.01676349714398384  PSNR: 20.742656707763672
[TRAIN] Iter: 16100 Loss: 0.013589954935014248  PSNR: 21.66228675842285
[TRAIN] Iter: 16200 Loss: 0.014660881832242012  PSNR: 21.45075798034668
[TRAIN] Iter: 16300 Loss: 0.014993330463767052  PSNR: 21.207651138305664
[TRAIN] Iter: 16400 Loss: 0.015038058161735535  PSNR: 21.227869033813477
[TRAIN] Iter: 16500 Loss: 0.01699601486325264  PSNR: 20.74618148803711
[TRAIN] Iter: 16600 Loss: 0.017112065106630325  PSNR: 20.72376823425293
[TRAIN] Iter: 16700 Loss: 0.01590632274746895  PSNR: 20.91469383239746
[TRAIN] Iter: 16800 Loss: 0.016345571726560593  PSNR: 20.85637092590332
[TRAIN] Iter: 16900 Loss: 0.015018986538052559  PSNR: 21.279714584350586
test poses shape torch.Size([12, 3, 4])
0 0.0007874965667724609
torch.Size([720, 1280, 3]) torch.Size([720, 1280])
19.123655557632446
1 13.394063234329224
17.97074317932129
2 13.388432264328003
16.701035499572754
3 13.379425525665283
16.38935923576355
4 13.384102582931519
16.932491064071655
5 13.394876956939697
19.220422506332397
6 13.390128374099731
18.440834283828735
7 13.378816843032837
18.845010995864868
8 13.388421773910522
18.22609543800354
9 13.391319036483765
19.447182416915894
10 13.387555360794067
18.21749448776245
11 13.3782639503479
18.854389190673828
Saved test set
[TEST] Iter: 17000 Loss: 0.0151502201333642  PSNR: 18.19739282131195
[TRAIN] Iter: 17000 Loss: 0.0151502201333642  PSNR: 21.128690719604492
[TRAIN] Iter: 17100 Loss: 0.01656806468963623  PSNR: 20.815547943115234
[TRAIN] Iter: 17200 Loss: 0.014595357701182365  PSNR: 21.382795333862305
[TRAIN] Iter: 17300 Loss: 0.015462275594472885  PSNR: 21.170162200927734
[TRAIN] Iter: 17400 Loss: 0.015956439077854156  PSNR: 20.84987449645996
[TRAIN] Iter: 17500 Loss: 0.016372013837099075  PSNR: 20.922950744628906
[TRAIN] Iter: 17600 Loss: 0.015077914111316204  PSNR: 21.14244270324707
[TRAIN] Iter: 17700 Loss: 0.016746245324611664  PSNR: 20.785005569458008
[TRAIN] Iter: 17800 Loss: 0.01698075607419014  PSNR: 20.73263931274414
[TRAIN] Iter: 17900 Loss: 0.015998750925064087  PSNR: 20.971210479736328
test poses shape torch.Size([12, 3, 4])
0 0.0007548332214355469
torch.Size([720, 1280, 3]) torch.Size([720, 1280])
19.35356378555298
1 13.399131059646606
17.996944189071655
2 13.390599012374878
16.562496423721313
3 13.39082407951355
16.5253484249115
4 13.392649412155151
16.85386061668396
5 13.410199880599976
19.30579900741577
6 13.391498804092407
18.754661083221436
7 13.38694953918457
18.64444613456726
8 13.402527332305908
18.341845273971558
9 13.382807493209839
19.31289553642273
10 13.375008344650269
18.233085870742798
11 13.38297700881958
18.79027485847473
Saved test set
[TEST] Iter: 18000 Loss: 0.015232885256409645  PSNR: 18.222935100396473
[TRAIN] Iter: 18000 Loss: 0.015232885256409645  PSNR: 21.15016746520996
[TRAIN] Iter: 18100 Loss: 0.015862546861171722  PSNR: 20.995695114135742
[TRAIN] Iter: 18200 Loss: 0.015523258596658707  PSNR: 20.959827423095703
[TRAIN] Iter: 18300 Loss: 0.014469615183770657  PSNR: 21.52133560180664
[TRAIN] Iter: 18400 Loss: 0.01608525961637497  PSNR: 20.918758392333984
[TRAIN] Iter: 18500 Loss: 0.014638252556324005  PSNR: 21.26629638671875
[TRAIN] Iter: 18600 Loss: 0.01511368528008461  PSNR: 21.198232650756836
[TRAIN] Iter: 18700 Loss: 0.01347239688038826  PSNR: 21.639665603637695
[TRAIN] Iter: 18800 Loss: 0.01566966623067856  PSNR: 21.114748001098633
[TRAIN] Iter: 18900 Loss: 0.016071543097496033  PSNR: 20.836009979248047
test poses shape torch.Size([12, 3, 4])
0 0.0006606578826904297
torch.Size([720, 1280, 3]) torch.Size([720, 1280])
19.037740230560303
1 13.391000032424927
17.83001184463501
2 13.384546518325806
16.778188943862915
3 13.385023355484009
16.613118648529053
4 13.393539667129517
16.830021142959595
5 13.38856554031372
19.474560022354126
6 13.385956048965454
18.633594512939453
7 13.382026672363281
18.965606689453125
8 13.404152870178223
18.196810483932495
9 13.390068769454956
19.193345308303833
10 13.385462522506714
18.220711946487427
11 13.387508630752563
18.69011163711548
Saved test set
[TEST] Iter: 19000 Loss: 0.014276023022830486  PSNR: 18.205318450927734
[TRAIN] Iter: 19000 Loss: 0.014276023022830486  PSNR: 21.52909278869629
[TRAIN] Iter: 19100 Loss: 0.01401573047041893  PSNR: 21.47157859802246
[TRAIN] Iter: 19200 Loss: 0.015246904455125332  PSNR: 21.097734451293945
[TRAIN] Iter: 19300 Loss: 0.015446425415575504  PSNR: 21.18916893005371
[TRAIN] Iter: 19400 Loss: 0.014860398136079311  PSNR: 21.301820755004883
[TRAIN] Iter: 19500 Loss: 0.014925587922334671  PSNR: 21.2525691986084
[TRAIN] Iter: 19600 Loss: 0.01630045473575592  PSNR: 20.969995498657227
[TRAIN] Iter: 19700 Loss: 0.014500602148473263  PSNR: 21.411449432373047
[TRAIN] Iter: 19800 Loss: 0.015341726131737232  PSNR: 21.156566619873047
[TRAIN] Iter: 19900 Loss: 0.014967954717576504  PSNR: 21.197914123535156
Saved checkpoints at ./logs/stone_test/020000.tar
test poses shape torch.Size([12, 3, 4])
0 0.0004029273986816406
torch.Size([720, 1280, 3]) torch.Size([720, 1280])
19.169178009033203
1 13.402564287185669
17.9716694355011
2 13.388280868530273
16.71913981437683
3 13.384051084518433
16.585532426834106
4 13.385238885879517
16.851282119750977
5 13.39411473274231
19.31003212928772
6 13.384474039077759
18.38943362236023
7 13.3961660861969
19.04861330986023
8 13.397530317306519
18.237204551696777
9 13.395511627197266
19.289172887802124
10 13.384283304214478
18.017456531524658
11 13.380165100097656
18.565309047698975
Saved test set
[TEST] Iter: 20000 Loss: 0.015190549194812775  PSNR: 18.179501990477245
[TRAIN] Iter: 20000 Loss: 0.015190549194812775  PSNR: 21.15712547302246
[TRAIN] Iter: 20100 Loss: 0.014697760343551636  PSNR: 21.28122329711914
[TRAIN] Iter: 20200 Loss: 0.016035309061408043  PSNR: 20.933361053466797
[TRAIN] Iter: 20300 Loss: 0.01503049861639738  PSNR: 21.218183517456055
[TRAIN] Iter: 20400 Loss: 0.014440866187214851  PSNR: 21.27220344543457
[TRAIN] Iter: 20500 Loss: 0.014893392100930214  PSNR: 21.307239532470703
[TRAIN] Iter: 20600 Loss: 0.01528925821185112  PSNR: 21.12177276611328
[TRAIN] Iter: 20700 Loss: 0.015056174248456955  PSNR: 21.251953125
[TRAIN] Iter: 20800 Loss: 0.01459091529250145  PSNR: 21.282785415649414
[TRAIN] Iter: 20900 Loss: 0.015206570737063885  PSNR: 21.22736358642578
test poses shape torch.Size([12, 3, 4])
0 0.0006794929504394531
torch.Size([720, 1280, 3]) torch.Size([720, 1280])
19.19015884399414
1 13.39758825302124
17.66937494277954
2 13.388607025146484
16.6500985622406
3 13.392326831817627
16.494532823562622
4 13.390915632247925
16.855454444885254
5 13.384597301483154
19.408774375915527
6 13.394358158111572
18.423906564712524
7 13.385964393615723
18.942197561264038
8 13.406086683273315
18.279398679733276
9 13.385652780532837
19.283554553985596
10 13.403945207595825
18.183352947235107
11 13.386091947555542
18.670320510864258
Saved test set
[TEST] Iter: 21000 Loss: 0.014891005121171474  PSNR: 18.170927067597706
[TRAIN] Iter: 21000 Loss: 0.014891005121171474  PSNR: 21.268856048583984
[TRAIN] Iter: 21100 Loss: 0.013580355793237686  PSNR: 21.721567153930664
[TRAIN] Iter: 21200 Loss: 0.014313820749521255  PSNR: 21.48871421813965
[TRAIN] Iter: 21300 Loss: 0.013904481194913387  PSNR: 21.51813316345215
[TRAIN] Iter: 21400 Loss: 0.01482359878718853  PSNR: 21.272464752197266
[TRAIN] Iter: 21500 Loss: 0.015097338706254959  PSNR: 21.227418899536133
[TRAIN] Iter: 21600 Loss: 0.015776395797729492  PSNR: 21.014928817749023
[TRAIN] Iter: 21700 Loss: 0.014887640252709389  PSNR: 21.347986221313477
[TRAIN] Iter: 21800 Loss: 0.014166031964123249  PSNR: 21.505949020385742
[TRAIN] Iter: 21900 Loss: 0.01640421152114868  PSNR: 20.812774658203125
test poses shape torch.Size([12, 3, 4])
0 0.0008997917175292969
torch.Size([720, 1280, 3]) torch.Size([720, 1280])
19.529571533203125
1 13.396008491516113
17.62492537498474
2 13.399007320404053
16.87736988067627
3 13.389785289764404
16.347081661224365
4 13.386444091796875
16.891003847122192
5 13.394343852996826
19.39934730529785
6 13.390405654907227
18.31464409828186
7 13.383797407150269
18.826415538787842
8 13.398391008377075
18.143552541732788
9 13.398889780044556
19.374808073043823
10 13.385162591934204
18.07690739631653
11 13.377432823181152
18.62054944038391
Saved test set
[TEST] Iter: 22000 Loss: 0.013476786203682423  PSNR: 18.16884805758794
[TRAIN] Iter: 22000 Loss: 0.013476786203682423  PSNR: 21.61885643005371
[TRAIN] Iter: 22100 Loss: 0.014019431546330452  PSNR: 21.64539337158203
[TRAIN] Iter: 22200 Loss: 0.015121635980904102  PSNR: 21.159631729125977
[TRAIN] Iter: 22300 Loss: 0.013549033552408218  PSNR: 21.573453903198242
[TRAIN] Iter: 22400 Loss: 0.015371989458799362  PSNR: 21.19357681274414
[TRAIN] Iter: 22500 Loss: 0.013990743085741997  PSNR: 21.6241512298584
[TRAIN] Iter: 22600 Loss: 0.013951323926448822  PSNR: 21.526885986328125
[TRAIN] Iter: 22700 Loss: 0.015324831008911133  PSNR: 21.037595748901367
[TRAIN] Iter: 22800 Loss: 0.013668638654053211  PSNR: 21.571086883544922
[TRAIN] Iter: 22900 Loss: 0.015004094690084457  PSNR: 21.290626525878906
test poses shape torch.Size([12, 3, 4])
0 0.0007500648498535156
torch.Size([720, 1280, 3]) torch.Size([720, 1280])
19.045311212539673
1 13.39465069770813
17.739378213882446
2 13.389936685562134
16.727988719940186
3 13.386404514312744
16.504263877868652
4 13.381914615631104
16.924757957458496
5 13.418717861175537
19.42178249359131
6 13.385318279266357
18.428900241851807
7 13.383975267410278
18.812310695648193
8 13.399105548858643
18.270877599716187
9 13.393136262893677
19.37006115913391
10 13.381331443786621
18.078871965408325
11 13.385019779205322
18.578015565872192
Saved test set
[TEST] Iter: 23000 Loss: 0.014291509985923767  PSNR: 18.158543308575947
[TRAIN] Iter: 23000 Loss: 0.014291509985923767  PSNR: 21.381309509277344
[TRAIN] Iter: 23100 Loss: 0.015397240407764912  PSNR: 21.06656265258789
[TRAIN] Iter: 23200 Loss: 0.014469878748059273  PSNR: 21.415822982788086
[TRAIN] Iter: 23300 Loss: 0.014621173962950706  PSNR: 21.33202362060547
[TRAIN] Iter: 23400 Loss: 0.01378743164241314  PSNR: 21.546667098999023
[TRAIN] Iter: 23500 Loss: 0.01317293755710125  PSNR: 21.75701141357422
[TRAIN] Iter: 23600 Loss: 0.015316588804125786  PSNR: 21.24724578857422
[TRAIN] Iter: 23700 Loss: 0.013555796816945076  PSNR: 21.674766540527344
[TRAIN] Iter: 23800 Loss: 0.014022376388311386  PSNR: 21.6092586517334
[TRAIN] Iter: 23900 Loss: 0.013206573203206062  PSNR: 21.87335205078125
test poses shape torch.Size([12, 3, 4])
0 0.0007505416870117188
torch.Size([720, 1280, 3]) torch.Size([720, 1280])
19.085664749145508
1 13.412580966949463
17.794164419174194
2 13.383104801177979
16.7132568359375
3 13.391535520553589
16.299071311950684
4 13.39235234260559
16.930261850357056
5 13.393165588378906
19.33382749557495
6 13.384333372116089
18.35342049598694
7 13.396425008773804
18.702040910720825
8 13.401350021362305
18.15882444381714
9 13.395843744277954
19.238805770874023
10 13.382028341293335
18.229256868362427
11 13.38968276977539
18.767331838607788
Saved test set
[TEST] Iter: 24000 Loss: 0.013529699295759201  PSNR: 18.133827249209087
[TRAIN] Iter: 24000 Loss: 0.013529699295759201  PSNR: 21.654813766479492
[TRAIN] Iter: 24100 Loss: 0.013314461335539818  PSNR: 21.723987579345703
[TRAIN] Iter: 24200 Loss: 0.013231176882982254  PSNR: 21.828277587890625
[TRAIN] Iter: 24300 Loss: 0.013669478707015514  PSNR: 21.666824340820312
[TRAIN] Iter: 24400 Loss: 0.014810902997851372  PSNR: 21.343379974365234
[TRAIN] Iter: 24500 Loss: 0.015043416991829872  PSNR: 21.21370506286621
[TRAIN] Iter: 24600 Loss: 0.013249441049993038  PSNR: 21.779409408569336
[TRAIN] Iter: 24700 Loss: 0.013010883703827858  PSNR: 21.833881378173828
[TRAIN] Iter: 24800 Loss: 0.015454611741006374  PSNR: 21.13954734802246
[TRAIN] Iter: 24900 Loss: 0.01263994351029396  PSNR: 21.908367156982422
test poses shape torch.Size([12, 3, 4])
0 0.000728607177734375
torch.Size([720, 1280, 3]) torch.Size([720, 1280])
19.076826572418213
1 13.401148557662964
17.6858389377594
2 13.40005612373352
16.83636784553528
3 13.38925051689148
16.235017776489258
4 13.400609493255615
16.709738969802856
5 13.40073013305664
19.32281494140625
6 13.382850408554077
18.48764181137085
7 13.39092755317688
18.61035943031311
8 13.399015188217163
18.206361532211304
9 13.383667707443237
19.105820655822754
10 13.373904943466187
18.176817893981934
11 13.385646343231201
18.811471462249756
Saved test set
[TEST] Iter: 25000 Loss: 0.01268278993666172  PSNR: 18.105423152446747
[TRAIN] Iter: 25000 Loss: 0.01268278993666172  PSNR: 21.919002532958984
[TRAIN] Iter: 25100 Loss: 0.01367933489382267  PSNR: 21.609437942504883
[TRAIN] Iter: 25200 Loss: 0.013662717305123806  PSNR: 21.660320281982422
[TRAIN] Iter: 25300 Loss: 0.013990543782711029  PSNR: 21.44944953918457
[TRAIN] Iter: 25400 Loss: 0.014830602332949638  PSNR: 21.368173599243164
[TRAIN] Iter: 25500 Loss: 0.01478449534624815  PSNR: 21.204591751098633
[TRAIN] Iter: 25600 Loss: 0.015001039952039719  PSNR: 21.282285690307617
[TRAIN] Iter: 25700 Loss: 0.01376455556601286  PSNR: 21.729021072387695
[TRAIN] Iter: 25800 Loss: 0.014644467271864414  PSNR: 21.349281311035156
[TRAIN] Iter: 25900 Loss: 0.013724520802497864  PSNR: 21.746490478515625
test poses shape torch.Size([12, 3, 4])
0 0.0007154941558837891
torch.Size([720, 1280, 3]) torch.Size([720, 1280])
18.913384675979614
1 13.393763303756714
17.903393507003784
2 13.389275074005127
16.790062189102173
3 13.397656679153442
16.28812551498413
4 13.388331413269043
16.75652503967285
5 13.396285772323608
19.196290969848633
6 13.387057542800903
18.519206047058105
7 13.39653205871582
18.705846071243286
8 13.394202709197998
18.45197319984436
9 13.388040542602539
19.225605726242065
10 13.39680790901184
18.148767948150635
11 13.387825965881348
18.698484897613525
Saved test set
[TEST] Iter: 26000 Loss: 0.014301392249763012  PSNR: 18.13313881556193
[TRAIN] Iter: 26000 Loss: 0.014301392249763012  PSNR: 21.571327209472656
[TRAIN] Iter: 26100 Loss: 0.01491427980363369  PSNR: 21.285064697265625
[TRAIN] Iter: 26200 Loss: 0.015160712413489819  PSNR: 21.17552375793457
[TRAIN] Iter: 26300 Loss: 0.014684462919831276  PSNR: 21.333051681518555
[TRAIN] Iter: 26400 Loss: 0.015311937779188156  PSNR: 21.212717056274414
[TRAIN] Iter: 26500 Loss: 0.014006998389959335  PSNR: 21.515275955200195
[TRAIN] Iter: 26600 Loss: 0.013283511623740196  PSNR: 21.75511360168457
[TRAIN] Iter: 26700 Loss: 0.013280915096402168  PSNR: 21.78084945678711
[TRAIN] Iter: 26800 Loss: 0.013986987993121147  PSNR: 21.589397430419922
[TRAIN] Iter: 26900 Loss: 0.01559250894933939  PSNR: 20.97991180419922
test poses shape torch.Size([12, 3, 4])
0 0.0008101463317871094
torch.Size([720, 1280, 3]) torch.Size([720, 1280])
19.246114492416382
1 13.412189245223999
17.801157236099243
2 13.395610809326172
16.553508043289185
3 13.392334222793579
16.45597219467163
4 13.391996383666992
16.781989336013794
5 13.400838375091553
19.236515760421753
6 13.402907133102417
18.51931929588318
7 13.391698360443115
18.770833015441895
8 13.404686212539673
18.389514684677124
9 13.39760947227478
19.235202074050903
10 13.402700424194336
18.18390130996704
11 13.388063669204712
18.540501594543457
Saved test set
[TEST] Iter: 27000 Loss: 0.0153304198756814  PSNR: 18.14287741978963
[TRAIN] Iter: 27000 Loss: 0.0153304198756814  PSNR: 21.122303009033203
[TRAIN] Iter: 27100 Loss: 0.012901059351861477  PSNR: 21.893644332885742
[TRAIN] Iter: 27200 Loss: 0.015188323333859444  PSNR: 21.387372970581055
[TRAIN] Iter: 27300 Loss: 0.01348131150007248  PSNR: 21.66244888305664
[TRAIN] Iter: 27400 Loss: 0.012725040316581726  PSNR: 22.049270629882812
[TRAIN] Iter: 27500 Loss: 0.015844624489545822  PSNR: 21.030290603637695
[TRAIN] Iter: 27600 Loss: 0.013522922061383724  PSNR: 21.640867233276367
[TRAIN] Iter: 27700 Loss: 0.015689078718423843  PSNR: 21.056734085083008
[TRAIN] Iter: 27800 Loss: 0.01395987719297409  PSNR: 21.44371223449707
[TRAIN] Iter: 27900 Loss: 0.014486865140497684  PSNR: 21.425199508666992
test poses shape torch.Size([12, 3, 4])
0 0.0007023811340332031
torch.Size([720, 1280, 3]) torch.Size([720, 1280])
18.880985975265503
1 13.403685331344604
17.798168659210205
2 13.405885696411133
16.71385884284973
3 13.402047157287598
16.33950710296631
4 13.396941900253296
16.85581922531128
5 13.411762952804565
19.16638731956482
6 13.406604766845703
18.41631531715393
7 13.408594369888306
18.679344654083252
8 13.411818504333496
18.43788981437683
9 13.399157524108887
19.175981283187866
10 13.382200002670288
18.171263933181763
11 13.385863542556763
18.640142679214478
Saved test set
[TEST] Iter: 28000 Loss: 0.013063737191259861  PSNR: 18.1063054005305
[TRAIN] Iter: 28000 Loss: 0.013063737191259861  PSNR: 21.77073860168457
[TRAIN] Iter: 28100 Loss: 0.015036430209875107  PSNR: 21.198753356933594
[TRAIN] Iter: 28200 Loss: 0.013886317610740662  PSNR: 21.517745971679688
[TRAIN] Iter: 28300 Loss: 0.013033416122198105  PSNR: 21.995346069335938
[TRAIN] Iter: 28400 Loss: 0.014199744910001755  PSNR: 21.412763595581055
[TRAIN] Iter: 28500 Loss: 0.014708690345287323  PSNR: 21.378503799438477
[TRAIN] Iter: 28600 Loss: 0.014477699995040894  PSNR: 21.422929763793945
[TRAIN] Iter: 28700 Loss: 0.013351096771657467  PSNR: 21.736238479614258
[TRAIN] Iter: 28800 Loss: 0.012341976165771484  PSNR: 22.155498504638672
[TRAIN] Iter: 28900 Loss: 0.013621753081679344  PSNR: 21.673105239868164
test poses shape torch.Size([12, 3, 4])
0 0.0007476806640625
torch.Size([720, 1280, 3]) torch.Size([720, 1280])
19.377418756484985
1 13.39703106880188
17.89243459701538
2 13.393698930740356
16.832667589187622
3 13.391364097595215
16.48801565170288
4 13.38800048828125
16.955305337905884
5 13.403423547744751
19.1259503364563
6 13.391483306884766
18.5004985332489
7 13.385672092437744
18.57491135597229
8 13.405305862426758
18.393808603286743
9 13.396263599395752
19.27512288093567
10 13.382344245910645
18.317939043045044
11 13.387823820114136
18.705965280532837
Saved test set
[TEST] Iter: 29000 Loss: 0.01306150108575821  PSNR: 18.203336497147877
[TRAIN] Iter: 29000 Loss: 0.01306150108575821  PSNR: 21.89188575744629
[TRAIN] Iter: 29100 Loss: 0.014487646520137787  PSNR: 21.407434463500977
[TRAIN] Iter: 29200 Loss: 0.014509468339383602  PSNR: 21.3957462310791
[TRAIN] Iter: 29300 Loss: 0.014032269828021526  PSNR: 21.539016723632812
[TRAIN] Iter: 29400 Loss: 0.013104907236993313  PSNR: 21.900678634643555
[TRAIN] Iter: 29500 Loss: 0.01195785403251648  PSNR: 22.14252471923828
[TRAIN] Iter: 29600 Loss: 0.01272490806877613  PSNR: 21.949819564819336
[TRAIN] Iter: 29700 Loss: 0.01307507511228323  PSNR: 21.829023361206055
[TRAIN] Iter: 29800 Loss: 0.013003806583583355  PSNR: 21.92093276977539
[TRAIN] Iter: 29900 Loss: 0.014093615114688873  PSNR: 21.568941116333008
Saved checkpoints at ./logs/stone_test/030000.tar
test poses shape torch.Size([12, 3, 4])
0 0.00031495094299316406
torch.Size([720, 1280, 3]) torch.Size([720, 1280])
19.722905158996582
1 13.399680137634277
17.696274518966675
2 13.384331703186035
16.67113423347473
3 13.380430221557617
16.27030611038208
4 13.39180326461792
16.742830276489258
5 13.38680386543274
19.340126514434814
6 13.379550457000732
18.27195405960083
7 13.378650188446045
18.65208148956299
8 13.405940771102905
18.18764328956604
9 13.39205527305603
19.32934045791626
10 13.384783744812012
18.06378960609436
11 13.382529735565186
18.847066164016724
Saved test set
[TEST] Iter: 30000 Loss: 0.013049696572124958  PSNR: 18.149620989958446
[TRAIN] Iter: 30000 Loss: 0.013049696572124958  PSNR: 21.80266571044922
[TRAIN] Iter: 30100 Loss: 0.013013554736971855  PSNR: 21.911195755004883
[TRAIN] Iter: 30200 Loss: 0.014706360176205635  PSNR: 21.291248321533203
[TRAIN] Iter: 30300 Loss: 0.014301102608442307  PSNR: 21.433198928833008
[TRAIN] Iter: 30400 Loss: 0.011931180953979492  PSNR: 22.2534236907959
[TRAIN] Iter: 30500 Loss: 0.013098794035613537  PSNR: 21.790632247924805
[TRAIN] Iter: 30600 Loss: 0.012826548889279366  PSNR: 21.97584342956543
[TRAIN] Iter: 30700 Loss: 0.012433850206434727  PSNR: 22.019874572753906
[TRAIN] Iter: 30800 Loss: 0.013413358479738235  PSNR: 21.71276092529297
[TRAIN] Iter: 30900 Loss: 0.013071844354271889  PSNR: 21.906633377075195
test poses shape torch.Size([12, 3, 4])
0 0.0007672309875488281
torch.Size([720, 1280, 3]) torch.Size([720, 1280])
19.106889963150024
1 13.388706922531128
17.81874179840088
2 13.386285543441772
16.769404411315918
3 13.384441614151001
16.19653582572937
4 13.391433238983154
16.825175285339355
5 13.38826060295105
19.35641646385193
6 13.383212327957153
18.436869382858276
7 13.390681743621826
18.782020807266235
8 13.393059015274048
18.20657730102539
9 13.386679410934448
19.19524908065796
10 13.38413691520691
18.075193166732788
11 13.395331382751465
18.707711696624756
Saved test set
[TEST] Iter: 31000 Loss: 0.012878219597041607  PSNR: 18.12306543191274
[TRAIN] Iter: 31000 Loss: 0.012878219597041607  PSNR: 21.8624267578125
[TRAIN] Iter: 31100 Loss: 0.014906340278685093  PSNR: 21.283205032348633
[TRAIN] Iter: 31200 Loss: 0.015430578961968422  PSNR: 21.20215606689453
[TRAIN] Iter: 31300 Loss: 0.013619458302855492  PSNR: 21.60233497619629
[TRAIN] Iter: 31400 Loss: 0.01275146845728159  PSNR: 21.853227615356445
[TRAIN] Iter: 31500 Loss: 0.011705515906214714  PSNR: 22.328357696533203
[TRAIN] Iter: 31600 Loss: 0.013988418504595757  PSNR: 21.383583068847656
[TRAIN] Iter: 31700 Loss: 0.013189222663640976  PSNR: 21.812042236328125
[TRAIN] Iter: 31800 Loss: 0.012597777880728245  PSNR: 21.940099716186523
[TRAIN] Iter: 31900 Loss: 0.014185710810124874  PSNR: 21.449134826660156
test poses shape torch.Size([12, 3, 4])
0 0.0007636547088623047
torch.Size([720, 1280, 3]) torch.Size([720, 1280])
19.190690517425537
1 13.399850368499756
17.811648845672607
2 13.390105962753296
16.87002420425415
3 13.401153326034546
16.30064606666565
4 13.386970281600952
16.867587566375732
5 13.402097940444946
19.210453033447266
6 13.385232925415039
18.37000608444214
7 13.389539241790771
18.541935682296753
8 13.396795272827148
18.189114332199097
9 13.394903421401978
19.307938814163208
10 13.386101722717285
18.256789445877075
11 13.376909255981445
18.665517568588257
Saved test set
[TEST] Iter: 32000 Loss: 0.013067973777651787  PSNR: 18.13186268011729
[TRAIN] Iter: 32000 Loss: 0.013067973777651787  PSNR: 21.814516067504883
[TRAIN] Iter: 32100 Loss: 0.01340694259852171  PSNR: 21.743549346923828
[TRAIN] Iter: 32200 Loss: 0.013369522988796234  PSNR: 21.78264617919922
[TRAIN] Iter: 32300 Loss: 0.014204966835677624  PSNR: 21.521541595458984
[TRAIN] Iter: 32400 Loss: 0.013494925573468208  PSNR: 21.702516555786133
[TRAIN] Iter: 32500 Loss: 0.012450897134840488  PSNR: 21.954120635986328
[TRAIN] Iter: 32600 Loss: 0.012994932942092419  PSNR: 21.912052154541016
[TRAIN] Iter: 32700 Loss: 0.01297661941498518  PSNR: 21.958526611328125
[TRAIN] Iter: 32800 Loss: 0.011784203350543976  PSNR: 22.436134338378906
[TRAIN] Iter: 32900 Loss: 0.01310743298381567  PSNR: 21.742568969726562
test poses shape torch.Size([12, 3, 4])
0 0.0007653236389160156
torch.Size([720, 1280, 3]) torch.Size([720, 1280])
19.33495044708252
1 13.39816689491272
17.827996015548706
2 13.414176225662231
16.69920325279236
3 13.4036123752594
16.225814819335938
4 13.390787601470947
16.81411862373352
5 13.400158643722534
19.069743156433105
6 13.393903493881226
18.253260850906372
7 13.3874032497406
18.582700490951538
8 13.395740032196045
18.399578332901
9 13.402724504470825
19.197592735290527
10 13.388787031173706
18.069674968719482
11 13.39102053642273
18.646386861801147
Saved test set
[TEST] Iter: 33000 Loss: 0.012927372939884663  PSNR: 18.093418379624683
[TRAIN] Iter: 33000 Loss: 0.012927372939884663  PSNR: 21.908418655395508
[TRAIN] Iter: 33100 Loss: 0.014323035255074501  PSNR: 21.41656494140625
[TRAIN] Iter: 33200 Loss: 0.013723701238632202  PSNR: 21.660303115844727
[TRAIN] Iter: 33300 Loss: 0.01315976306796074  PSNR: 21.779701232910156
[TRAIN] Iter: 33400 Loss: 0.01378834992647171  PSNR: 21.6577091217041
[TRAIN] Iter: 33500 Loss: 0.012481464073061943  PSNR: 21.90869140625
[TRAIN] Iter: 33600 Loss: 0.013155972585082054  PSNR: 21.693422317504883
[TRAIN] Iter: 33700 Loss: 0.0129317007958889  PSNR: 21.90693473815918
[TRAIN] Iter: 33800 Loss: 0.012911012396216393  PSNR: 21.85155487060547
[TRAIN] Iter: 33900 Loss: 0.011880842968821526  PSNR: 22.286773681640625
test poses shape torch.Size([12, 3, 4])
0 0.0005919933319091797
torch.Size([720, 1280, 3]) torch.Size([720, 1280])
19.287821054458618
1 13.408793926239014
17.645326852798462
2 13.390199184417725
16.76214575767517
3 13.38822054862976
16.161160469055176
4 13.397366762161255
16.72452211380005
5 13.40423059463501
19.148637056350708
6 13.387184381484985
18.321716785430908
7 13.390331029891968
18.573360443115234
8 13.39274525642395
18.369394540786743
9 13.405606746673584
19.14470672607422
10 13.411856651306152
18.05194616317749
11 13.390565872192383
18.69569420814514
Saved test set
[TEST] Iter: 34000 Loss: 0.013836495578289032  PSNR: 18.073869347572327
[TRAIN] Iter: 34000 Loss: 0.013836495578289032  PSNR: 21.612060546875
[TRAIN] Iter: 34100 Loss: 0.012042026035487652  PSNR: 22.27724838256836
[TRAIN] Iter: 34200 Loss: 0.014055615290999413  PSNR: 21.447975158691406
[TRAIN] Iter: 34300 Loss: 0.013124391436576843  PSNR: 21.810766220092773
[TRAIN] Iter: 34400 Loss: 0.013155775144696236  PSNR: 21.838054656982422
[TRAIN] Iter: 34500 Loss: 0.013027926906943321  PSNR: 21.90860366821289
[TRAIN] Iter: 34600 Loss: 0.012902358546853065  PSNR: 21.81529426574707
[TRAIN] Iter: 34700 Loss: 0.013013798743486404  PSNR: 21.751667022705078
[TRAIN] Iter: 34800 Loss: 0.013200370594859123  PSNR: 21.845436096191406
[TRAIN] Iter: 34900 Loss: 0.014351713471114635  PSNR: 21.35617446899414
test poses shape torch.Size([12, 3, 4])
0 0.0007219314575195312
torch.Size([720, 1280, 3]) torch.Size([720, 1280])
19.497954845428467
1 13.404129266738892
17.905019521713257
2 13.399535417556763
16.67448878288269
3 13.40178894996643
16.31284475326538
4 13.403045415878296
16.72896146774292
5 13.404572486877441
19.190291166305542
6 13.397735118865967
18.346680402755737
7 13.39298701286316
18.377811908721924
8 13.412328958511353
17.97863245010376
9 13.389734029769897
19.158565998077393
10 13.380374193191528
18.137898445129395
11 13.390991687774658
18.56321096420288
Saved test set
[TEST] Iter: 35000 Loss: 0.014371414668858051  PSNR: 18.072696725527447
[TRAIN] Iter: 35000 Loss: 0.014371414668858051  PSNR: 21.43452262878418
[TRAIN] Iter: 35100 Loss: 0.014076604507863522  PSNR: 21.509510040283203
[TRAIN] Iter: 35200 Loss: 0.012370591051876545  PSNR: 22.114709854125977
[TRAIN] Iter: 35300 Loss: 0.013213124126195908  PSNR: 21.8690185546875
[TRAIN] Iter: 35400 Loss: 0.011707388795912266  PSNR: 22.306167602539062
[TRAIN] Iter: 35500 Loss: 0.012756818905472755  PSNR: 21.896936416625977
[TRAIN] Iter: 35600 Loss: 0.012829843908548355  PSNR: 21.93177604675293
[TRAIN] Iter: 35700 Loss: 0.013728119432926178  PSNR: 21.670406341552734
[TRAIN] Iter: 35800 Loss: 0.01172403059899807  PSNR: 22.21929931640625
[TRAIN] Iter: 35900 Loss: 0.012899083085358143  PSNR: 22.018539428710938
test poses shape torch.Size([12, 3, 4])
0 0.0007157325744628906
torch.Size([720, 1280, 3]) torch.Size([720, 1280])
19.245967864990234
1 13.404134511947632
17.69307017326355
2 13.394476413726807
16.771087646484375
3 13.392791748046875
16.298881769180298
4 13.402540683746338
16.806087493896484
5 13.398449897766113
19.151122570037842
6 13.39119291305542
18.363312482833862
7 13.39548659324646
18.52071523666382
8 13.395576000213623
18.329827785491943
9 13.395318508148193
19.162133932113647
10 13.386692523956299
18.142166137695312
11 13.403145551681519
18.784703016281128
Saved test set
[TEST] Iter: 36000 Loss: 0.012817645445466042  PSNR: 18.10575634241104
[TRAIN] Iter: 36000 Loss: 0.012817645445466042  PSNR: 21.87935447692871
[TRAIN] Iter: 36100 Loss: 0.013849252834916115  PSNR: 21.630924224853516
[TRAIN] Iter: 36200 Loss: 0.012968901544809341  PSNR: 21.912118911743164
[TRAIN] Iter: 36300 Loss: 0.012219179421663284  PSNR: 22.146596908569336
[TRAIN] Iter: 36400 Loss: 0.012854752130806446  PSNR: 21.829830169677734
[TRAIN] Iter: 36500 Loss: 0.012631301768124104  PSNR: 22.015892028808594
[TRAIN] Iter: 36600 Loss: 0.013556438498198986  PSNR: 21.704910278320312
[TRAIN] Iter: 36700 Loss: 0.012771534733474255  PSNR: 21.89046287536621
[TRAIN] Iter: 36800 Loss: 0.012297745794057846  PSNR: 21.999589920043945
[TRAIN] Iter: 36900 Loss: 0.013434098102152348  PSNR: 21.82187843322754
test poses shape torch.Size([12, 3, 4])
0 0.00072479248046875
torch.Size([720, 1280, 3]) torch.Size([720, 1280])
18.98734211921692
1 13.41374158859253
17.716562747955322
2 13.400253534317017
16.698893308639526
3 13.403434753417969
16.11625075340271
4 13.395192861557007
16.70293927192688
5 13.404765129089355
19.239968061447144
6 13.392318725585938
18.28203797340393
7 13.401648759841919
18.415968418121338
8 13.404018878936768
18.272478580474854
9 13.406107425689697
19.375497102737427
10 13.385793209075928
18.207378387451172
11 13.39098858833313
18.60758662223816
Saved test set
[TEST] Iter: 37000 Loss: 0.011722257360816002  PSNR: 18.05190861225128
[TRAIN] Iter: 37000 Loss: 0.011722257360816002  PSNR: 22.236082077026367
[TRAIN] Iter: 37100 Loss: 0.012647202238440514  PSNR: 21.903404235839844
[TRAIN] Iter: 37200 Loss: 0.012664329260587692  PSNR: 22.073652267456055
[TRAIN] Iter: 37300 Loss: 0.012134017422795296  PSNR: 22.027103424072266
Shuffle data after an epoch!
[TRAIN] Iter: 37400 Loss: 0.013512348756194115  PSNR: 21.736221313476562
[TRAIN] Iter: 37500 Loss: 0.012231181375682354  PSNR: 22.213029861450195
[TRAIN] Iter: 37600 Loss: 0.013723371550440788  PSNR: 21.6003475189209
[TRAIN] Iter: 37700 Loss: 0.013510705903172493  PSNR: 21.73763656616211
[TRAIN] Iter: 37800 Loss: 0.013344828970730305  PSNR: 21.821348190307617
[TRAIN] Iter: 37900 Loss: 0.012896908447146416  PSNR: 21.926055908203125
test poses shape torch.Size([12, 3, 4])
0 0.0007610321044921875
torch.Size([720, 1280, 3]) torch.Size([720, 1280])
19.434449672698975
1 13.406266689300537
17.679959535598755
2 13.402988195419312
16.70125126838684
3 13.40855860710144
16.0598886013031
4 13.398930549621582
16.71711802482605
5 13.413267612457275
19.19921636581421
6 13.410535335540771
18.12538504600525
7 13.397679328918457
18.38549494743347
8 13.40659499168396
18.322373628616333
9 13.385617017745972
19.13852334022522
10 13.38545274734497
17.98284888267517
11 13.384836435317993
18.541619777679443
Saved test set
[TEST] Iter: 38000 Loss: 0.012324182316660881  PSNR: 18.024010757605236
[TRAIN] Iter: 38000 Loss: 0.012324182316660881  PSNR: 22.15410614013672
[TRAIN] Iter: 38100 Loss: 0.0120065463706851  PSNR: 22.173616409301758
[TRAIN] Iter: 38200 Loss: 0.013216739520430565  PSNR: 21.78771209716797
[TRAIN] Iter: 38300 Loss: 0.01241549663245678  PSNR: 22.088790893554688
[TRAIN] Iter: 38400 Loss: 0.01312723197042942  PSNR: 21.887990951538086
[TRAIN] Iter: 38500 Loss: 0.011758964508771896  PSNR: 22.35186195373535
[TRAIN] Iter: 38600 Loss: 0.012611214071512222  PSNR: 22.097877502441406
[TRAIN] Iter: 38700 Loss: 0.013068197295069695  PSNR: 21.821224212646484
[TRAIN] Iter: 38800 Loss: 0.011710031889379025  PSNR: 22.327743530273438
[TRAIN] Iter: 38900 Loss: 0.012731833383440971  PSNR: 21.813594818115234
test poses shape torch.Size([12, 3, 4])
0 0.0007555484771728516
torch.Size([720, 1280, 3]) torch.Size([720, 1280])
19.051626920700073
1 13.40547800064087
17.578845024108887
2 13.41157865524292
16.672604084014893
3 13.39723515510559
16.08358383178711
4 13.396924495697021
16.67668104171753
5 13.40900993347168
19.174307584762573
6 13.393866300582886
18.385000228881836
7 13.394468784332275
18.4951388835907
8 13.400267839431763
18.334165811538696
9 13.401803493499756
19.03606414794922
10 13.388252258300781
18.10983180999756
11 13.392001390457153
18.641133308410645
Saved test set
[TEST] Iter: 39000 Loss: 0.01333073154091835  PSNR: 18.019915223121643
[TRAIN] Iter: 39000 Loss: 0.01333073154091835  PSNR: 21.86182975769043
[TRAIN] Iter: 39100 Loss: 0.012321392074227333  PSNR: 22.120534896850586
[TRAIN] Iter: 39200 Loss: 0.012449100613594055  PSNR: 22.097871780395508
[TRAIN] Iter: 39300 Loss: 0.01272417139261961  PSNR: 21.90146827697754
[TRAIN] Iter: 39400 Loss: 0.013272665441036224  PSNR: 21.939590454101562
[TRAIN] Iter: 39500 Loss: 0.012039033696055412  PSNR: 22.231401443481445
[TRAIN] Iter: 39600 Loss: 0.013141321949660778  PSNR: 21.882877349853516
[TRAIN] Iter: 39700 Loss: 0.013279611244797707  PSNR: 21.824108123779297
[TRAIN] Iter: 39800 Loss: 0.012234575115144253  PSNR: 22.183914184570312
[TRAIN] Iter: 39900 Loss: 0.013289817608892918  PSNR: 21.84571075439453
Saved checkpoints at ./logs/stone_test/040000.tar
test poses shape torch.Size([12, 3, 4])
0 0.0003135204315185547
torch.Size([720, 1280, 3]) torch.Size([720, 1280])
19.343714714050293
1 13.407681703567505
17.505372762680054
2 13.402692317962646
16.599661111831665
3 13.39023470878601
16.05503559112549
4 13.401570081710815
16.571286916732788
5 13.403136491775513
19.1562020778656
6 13.39065432548523
18.163573741912842
7 13.39146089553833
18.74996304512024
8 13.414879083633423
18.218750953674316
9 13.40140175819397
18.972164392471313
10 13.393271446228027
18.042550086975098
11 13.386571884155273
18.36647629737854
Saved test set
[TEST] Iter: 40000 Loss: 0.011194899678230286  PSNR: 17.97872930765152
[TRAIN] Iter: 40000 Loss: 0.011194899678230286  PSNR: 22.478029251098633
[TRAIN] Iter: 40100 Loss: 0.01285536028444767  PSNR: 22.013628005981445
[TRAIN] Iter: 40200 Loss: 0.01299878116697073  PSNR: 21.9101505279541
[TRAIN] Iter: 40300 Loss: 0.013127953745424747  PSNR: 21.793746948242188
[TRAIN] Iter: 40400 Loss: 0.012978024780750275  PSNR: 21.835002899169922
[TRAIN] Iter: 40500 Loss: 0.014090820215642452  PSNR: 21.501018524169922
[TRAIN] Iter: 40600 Loss: 0.012024052441120148  PSNR: 22.209754943847656
[TRAIN] Iter: 40700 Loss: 0.013559674844145775  PSNR: 21.6171932220459
[TRAIN] Iter: 40800 Loss: 0.012887994758784771  PSNR: 21.971580505371094
[TRAIN] Iter: 40900 Loss: 0.012365044094622135  PSNR: 22.2130126953125
test poses shape torch.Size([12, 3, 4])
0 0.0007076263427734375
torch.Size([720, 1280, 3]) torch.Size([720, 1280])
19.334897994995117
1 13.405162811279297
17.569657564163208
2 13.39633822441101
16.67542338371277
3 13.397671222686768
15.982568264007568
4 13.401706457138062
16.63450598716736
5 13.401841402053833
19.163198471069336
6 13.391599893569946
18.216437101364136
7 13.398143291473389
18.58949899673462
8 13.412619590759277
18.28243136405945
9 13.404548645019531
18.93958806991577
10 13.396252155303955
17.964287996292114
11 13.418644189834595
18.646838665008545
Saved test set
[TEST] Iter: 41000 Loss: 0.012615068815648556  PSNR: 17.9999444882075
[TRAIN] Iter: 41000 Loss: 0.012615068815648556  PSNR: 22.012630462646484
[TRAIN] Iter: 41100 Loss: 0.012121954932808876  PSNR: 22.181682586669922
[TRAIN] Iter: 41200 Loss: 0.012946497648954391  PSNR: 22.027809143066406
[TRAIN] Iter: 41300 Loss: 0.012349345721304417  PSNR: 22.085718154907227
[TRAIN] Iter: 41400 Loss: 0.013425175100564957  PSNR: 21.695728302001953
[TRAIN] Iter: 41500 Loss: 0.012662863358855247  PSNR: 21.969085693359375
[TRAIN] Iter: 41600 Loss: 0.01352992095053196  PSNR: 21.73738670349121
[TRAIN] Iter: 41700 Loss: 0.013217924162745476  PSNR: 21.761167526245117
[TRAIN] Iter: 41800 Loss: 0.011560107581317425  PSNR: 22.42555046081543
[TRAIN] Iter: 41900 Loss: 0.012980297207832336  PSNR: 21.88270378112793
test poses shape torch.Size([12, 3, 4])
0 0.0007598400115966797
torch.Size([720, 1280, 3]) torch.Size([720, 1280])
19.183624982833862
1 13.403249740600586
17.62865662574768
2 13.400043964385986
16.67868733406067
3 13.403027057647705
16.00454330444336
4 13.410768747329712
16.674747467041016
5 13.40501070022583
19.222023487091064
6 13.393865585327148
18.23042631149292
7 13.39936637878418
18.68118643760681
8 13.404592990875244
18.218015432357788
9 13.395786762237549
19.00782585144043
10 13.383799076080322
18.15053105354309
11 13.391547441482544
18.564095497131348
Saved test set
[TEST] Iter: 42000 Loss: 0.01275309082120657  PSNR: 18.020363648732502
[TRAIN] Iter: 42000 Loss: 0.01275309082120657  PSNR: 21.920705795288086
[TRAIN] Iter: 42100 Loss: 0.012831125408411026  PSNR: 21.74793243408203
[TRAIN] Iter: 42200 Loss: 0.012364933267235756  PSNR: 22.100910186767578
[TRAIN] Iter: 42300 Loss: 0.013334538787603378  PSNR: 21.761903762817383
[TRAIN] Iter: 42400 Loss: 0.011986540630459785  PSNR: 22.2700252532959
[TRAIN] Iter: 42500 Loss: 0.01262870617210865  PSNR: 22.004831314086914
[TRAIN] Iter: 42600 Loss: 0.012031113728880882  PSNR: 22.12628936767578
[TRAIN] Iter: 42700 Loss: 0.012776581570506096  PSNR: 22.113605499267578
[TRAIN] Iter: 42800 Loss: 0.01318384986370802  PSNR: 21.830883026123047
[TRAIN] Iter: 42900 Loss: 0.012661198154091835  PSNR: 21.988855361938477
test poses shape torch.Size([12, 3, 4])
0 0.0008409023284912109
torch.Size([720, 1280, 3]) torch.Size([720, 1280])
19.290447235107422
1 13.414413690567017
17.7904212474823
2 13.405081272125244
16.725014448165894
3 13.414719343185425
16.109260320663452
4 13.394398212432861
16.744544506072998
5 13.4078950881958
19.15208339691162
6 13.401927471160889
18.284478187561035
7 13.400595426559448
18.489879369735718
8 13.408609628677368
18.26109528541565
9 13.406289100646973
19.10481333732605
10 13.403477907180786
18.148707151412964
11 13.404140949249268
18.573840856552124
Saved test set
[TEST] Iter: 43000 Loss: 0.01231024507433176  PSNR: 18.056215445200603
[TRAIN] Iter: 43000 Loss: 0.01231024507433176  PSNR: 22.2071475982666
[TRAIN] Iter: 43100 Loss: 0.012421665713191032  PSNR: 22.040685653686523
[TRAIN] Iter: 43200 Loss: 0.012502396479249  PSNR: 22.082231521606445
[TRAIN] Iter: 43300 Loss: 0.012472521513700485  PSNR: 21.991897583007812
[TRAIN] Iter: 43400 Loss: 0.012246228754520416  PSNR: 22.056997299194336
[TRAIN] Iter: 43500 Loss: 0.01242492999881506  PSNR: 22.01015281677246
[TRAIN] Iter: 43600 Loss: 0.012223726138472557  PSNR: 22.11924171447754
[TRAIN] Iter: 43700 Loss: 0.012511303648352623  PSNR: 21.979948043823242
[TRAIN] Iter: 43800 Loss: 0.012290156446397305  PSNR: 22.09873390197754
[TRAIN] Iter: 43900 Loss: 0.012251747772097588  PSNR: 22.137439727783203
test poses shape torch.Size([12, 3, 4])
0 0.000743865966796875
torch.Size([720, 1280, 3]) torch.Size([720, 1280])
19.212788343429565
1 13.408037900924683
17.66667127609253
2 13.400977849960327
16.733007431030273
3 13.389538764953613
16.017237901687622
4 13.389551401138306
16.603113412857056
5 13.396681308746338
19.106621742248535
6 13.400256156921387
18.241814374923706
7 13.38469934463501
18.489015102386475
8 13.3963303565979
18.112019300460815
9 13.399138450622559
19.003629684448242
10 13.388267517089844
18.110733032226562
11 13.392468929290771
18.584342002868652
Saved test set
[TEST] Iter: 44000 Loss: 0.012105333618819714  PSNR: 17.990082800388336
[TRAIN] Iter: 44000 Loss: 0.012105333618819714  PSNR: 22.118711471557617
[TRAIN] Iter: 44100 Loss: 0.013057365082204342  PSNR: 21.870471954345703
[TRAIN] Iter: 44200 Loss: 0.012171413749456406  PSNR: 22.16485023498535
[TRAIN] Iter: 44300 Loss: 0.01272849552333355  PSNR: 21.98293685913086
[TRAIN] Iter: 44400 Loss: 0.010613963939249516  PSNR: 22.875123977661133
[TRAIN] Iter: 44500 Loss: 0.012351786717772484  PSNR: 22.18630027770996
[TRAIN] Iter: 44600 Loss: 0.01260350737720728  PSNR: 22.081321716308594
[TRAIN] Iter: 44700 Loss: 0.011341005563735962  PSNR: 22.598533630371094
[TRAIN] Iter: 44800 Loss: 0.011618047952651978  PSNR: 22.343542098999023
[TRAIN] Iter: 44900 Loss: 0.012387211434543133  PSNR: 22.16900634765625
test poses shape torch.Size([12, 3, 4])
0 0.0007312297821044922
torch.Size([720, 1280, 3]) torch.Size([720, 1280])
19.39731240272522
1 13.408605575561523
17.567187547683716
2 13.408039093017578
16.71731472015381
3 13.399828910827637
16.18401288986206
4 13.399825096130371
16.731785535812378
5 13.41034722328186
19.147874116897583
6 13.403091430664062
18.265773057937622
7 13.399237871170044
18.42840552330017
8 13.40787124633789
18.195985555648804
9 13.40854787826538
19.182138442993164
10 13.383157968521118
18.06076169013977
11 13.393017292022705
18.625541925430298
Saved test set
[TEST] Iter: 45000 Loss: 0.011304521933197975  PSNR: 18.042007784048717
[TRAIN] Iter: 45000 Loss: 0.011304521933197975  PSNR: 22.612960815429688
[TRAIN] Iter: 45100 Loss: 0.01161680743098259  PSNR: 22.308645248413086
[TRAIN] Iter: 45200 Loss: 0.013703873381018639  PSNR: 21.63538360595703
[TRAIN] Iter: 45300 Loss: 0.012252777814865112  PSNR: 22.02346420288086
[TRAIN] Iter: 45400 Loss: 0.014232904650270939  PSNR: 21.496305465698242
[TRAIN] Iter: 45500 Loss: 0.011637501418590546  PSNR: 22.2974910736084
[TRAIN] Iter: 45600 Loss: 0.012113664299249649  PSNR: 22.15435218811035
[TRAIN] Iter: 45700 Loss: 0.012110065668821335  PSNR: 22.160463333129883
[TRAIN] Iter: 45800 Loss: 0.012388165108859539  PSNR: 21.980243682861328
[TRAIN] Iter: 45900 Loss: 0.011341340839862823  PSNR: 22.471817016601562
test poses shape torch.Size([12, 3, 4])
0 0.0006504058837890625
torch.Size([720, 1280, 3]) torch.Size([720, 1280])
19.245933294296265
1 13.40352487564087
17.59587049484253
2 13.396854400634766
16.619616746902466
3 13.391970157623291
16.09525442123413
4 13.40103268623352
16.683428287506104
5 13.400312423706055
19.193936586380005
6 13.391860485076904
18.16513419151306
7 13.388888835906982
18.400678634643555
8 13.407809495925903
18.18101406097412
9 13.390909433364868
18.883261680603027
10 13.388679504394531
18.0246639251709
11 13.39957594871521
18.47360372543335
Saved test set
[TEST] Iter: 46000 Loss: 0.012139765545725822  PSNR: 17.963533004124958
[TRAIN] Iter: 46000 Loss: 0.012139765545725822  PSNR: 22.13896942138672
[TRAIN] Iter: 46100 Loss: 0.012141672894358635  PSNR: 22.24017906188965
[TRAIN] Iter: 46200 Loss: 0.013239378109574318  PSNR: 21.964256286621094
[TRAIN] Iter: 46300 Loss: 0.012369520962238312  PSNR: 22.00990867614746
[TRAIN] Iter: 46400 Loss: 0.012433584779500961  PSNR: 22.168216705322266
[TRAIN] Iter: 46500 Loss: 0.011575600132346153  PSNR: 22.487462997436523
[TRAIN] Iter: 46600 Loss: 0.011493350379168987  PSNR: 22.362810134887695
[TRAIN] Iter: 46700 Loss: 0.012504452839493752  PSNR: 21.91935920715332
[TRAIN] Iter: 46800 Loss: 0.011529894545674324  PSNR: 22.425962448120117
[TRAIN] Iter: 46900 Loss: 0.012683836743235588  PSNR: 21.98744010925293
test poses shape torch.Size([12, 3, 4])
0 0.0007419586181640625
torch.Size([720, 1280, 3]) torch.Size([720, 1280])
19.44696307182312
1 13.401960611343384
17.616097927093506
2 13.389624118804932
16.636321544647217
3 13.401404619216919
16.02105736732483
4 13.393808126449585
16.682894229888916
5 13.4013090133667
19.033055305480957
6 13.388630628585815
18.351744413375854
7 13.396371603012085
18.327428102493286
8 13.399384498596191
18.048582077026367
9 13.392665147781372
19.044485092163086
10 13.386539220809937
17.980059385299683
11 13.39637017250061
18.44503402709961
Saved test set
[TEST] Iter: 47000 Loss: 0.012020405381917953  PSNR: 17.969476878643036
[TRAIN] Iter: 47000 Loss: 0.012020405381917953  PSNR: 22.211145401000977
[TRAIN] Iter: 47100 Loss: 0.011266830377280712  PSNR: 22.618562698364258
[TRAIN] Iter: 47200 Loss: 0.012663213536143303  PSNR: 22.005020141601562
[TRAIN] Iter: 47300 Loss: 0.010953842662274837  PSNR: 22.70524787902832
[TRAIN] Iter: 47400 Loss: 0.01201927661895752  PSNR: 22.189294815063477
[TRAIN] Iter: 47500 Loss: 0.011968392878770828  PSNR: 22.246780395507812
[TRAIN] Iter: 47600 Loss: 0.012611748650670052  PSNR: 21.990283966064453
[TRAIN] Iter: 47700 Loss: 0.011901699006557465  PSNR: 22.17654800415039
[TRAIN] Iter: 47800 Loss: 0.011708724312484264  PSNR: 22.265363693237305
[TRAIN] Iter: 47900 Loss: 0.013233544304966927  PSNR: 21.927223205566406
test poses shape torch.Size([12, 3, 4])
0 0.000804901123046875
torch.Size([720, 1280, 3]) torch.Size([720, 1280])
19.11787748336792
1 13.406996011734009
17.61295199394226
2 13.395876169204712
16.566390991210938
3 13.407853364944458
15.984071493148804
4 13.400450468063354
16.696449518203735
5 13.406029462814331
19.10256266593933
6 13.391062021255493
18.241748809814453
7 13.405858278274536
18.384047746658325
8 13.407303810119629
18.166568279266357
9 13.399919271469116
18.837971687316895
10 13.405718088150024
18.023502826690674
11 13.395353078842163
18.43237042427063
Saved test set
[TEST] Iter: 48000 Loss: 0.012689940631389618  PSNR: 17.930542826652527
[TRAIN] Iter: 48000 Loss: 0.012689940631389618  PSNR: 22.057851791381836
[TRAIN] Iter: 48100 Loss: 0.011843966320157051  PSNR: 22.267580032348633
[TRAIN] Iter: 48200 Loss: 0.01207693014293909  PSNR: 22.199424743652344
[TRAIN] Iter: 48300 Loss: 0.012391135096549988  PSNR: 22.159936904907227
[TRAIN] Iter: 48400 Loss: 0.012425909750163555  PSNR: 22.044414520263672
[TRAIN] Iter: 48500 Loss: 0.012215159833431244  PSNR: 22.158430099487305
[TRAIN] Iter: 48600 Loss: 0.011662600561976433  PSNR: 22.260719299316406
[TRAIN] Iter: 48700 Loss: 0.014558359980583191  PSNR: 21.328895568847656
[TRAIN] Iter: 48800 Loss: 0.012775568291544914  PSNR: 21.964677810668945
[TRAIN] Iter: 48900 Loss: 0.01254497841000557  PSNR: 21.934537887573242
test poses shape torch.Size([12, 3, 4])
0 0.0008432865142822266
torch.Size([720, 1280, 3]) torch.Size([720, 1280])
19.191224575042725
1 13.418712615966797
17.635327577590942
2 13.408211946487427
16.63123846054077
3 13.40436577796936
16.08976125717163
4 13.401060104370117
16.491141319274902
5 13.408091068267822
19.197651147842407
6 13.398704528808594
18.09617280960083
7 13.400287389755249
18.396477699279785
8 13.399972915649414
18.349982500076294
9 13.407934427261353
19.012855291366577
10 13.392430543899536
18.15518617630005
11 13.401816368103027
18.517396450042725
Saved test set
[TEST] Iter: 49000 Loss: 0.01179590541869402  PSNR: 17.98036793867747
[TRAIN] Iter: 49000 Loss: 0.01179590541869402  PSNR: 22.289920806884766
[TRAIN] Iter: 49100 Loss: 0.01330648735165596  PSNR: 21.745336532592773
[TRAIN] Iter: 49200 Loss: 0.01284041814506054  PSNR: 21.862403869628906k
[TRAIN] Iter: 49300 Loss: 0.011794374324381351  PSNR: 22.316484451293945
[TRAIN] Iter: 49400 Loss: 0.011981507763266563  PSNR: 22.337141036987305
[TRAIN] Iter: 49500 Loss: 0.011492043733596802  PSNR: 22.473342895507812
[TRAIN] Iter: 49600 Loss: 0.012079225853085518  PSNR: 22.011093139648438
[TRAIN] Iter: 49700 Loss: 0.012153666466474533  PSNR: 22.083938598632812
[TRAIN] Iter: 49800 Loss: 0.01251280214637518  PSNR: 22.005035400390625
[TRAIN] Iter: 49900 Loss: 0.01138901524245739  PSNR: 22.574769973754883
Saved checkpoints at ./logs/stone_test/050000.tar
test poses shape torch.Size([12, 3, 4])
